2023-05-15 12:05:730 INFO  HomePage :64 - Mouse Hover on Desktops link and click [[ChromeDriver: chrome on WINDOWS (d4eaf4dbf27df8818eff41e34f8ebd6e)] -> link text: Desktops]
2023-05-15 12:05:895 INFO  DesktopPage :37 - Get Desktop Text Proxy element for: DefaultElementLocator 'By.xpath: //h2[contains(text(),'Desktops')]'
2023-05-15 12:05:440 INFO  HomePage :64 - Mouse Hover on Desktops link and click [[ChromeDriver: chrome on WINDOWS (ca2c29178d11f0d24903b9b49696d390)] -> link text: Desktops]
2023-05-15 12:05:595 INFO  DesktopPage :37 - Get Desktop Text Proxy element for: DefaultElementLocator 'By.xpath: //h2[normalize-space()='Desktops']'
2023-05-15 12:05:885 INFO  HomePage :64 - Mouse Hover on Desktops link and click [[ChromeDriver: chrome on WINDOWS (0bc83723b10df84f1e1dd82ec2dbab6c)] -> link text: Desktops]
2023-05-15 12:05:03 INFO  DesktopPage :37 - Get Desktop Text [[ChromeDriver: chrome on WINDOWS (0bc83723b10df84f1e1dd82ec2dbab6c)] -> xpath: //h2[normalize-space()='Desktops']]
2023-05-15 12:05:20 INFO  DesktopPage :42 - Verify the text Desktops [[ChromeDriver: chrome on WINDOWS (0bc83723b10df84f1e1dd82ec2dbab6c)] -> xpath: //h2[normalize-space()='Desktops']]
2023-05-15 12:05:162 INFO  HomePage :64 - Mouse Hover on Desktops link and click [[ChromeDriver: chrome on WINDOWS (2d1652fe426ff9250811af23e1585ad5)] -> link text: Desktops]
2023-05-15 12:05:05 INFO  DesktopPage :37 - Get Desktop Text [[ChromeDriver: chrome on WINDOWS (2d1652fe426ff9250811af23e1585ad5)] -> xpath: //h2[normalize-space()='Desktops']]
2023-05-15 12:05:28 INFO  DesktopPage :42 - Verify the text Desktops [[ChromeDriver: chrome on WINDOWS (2d1652fe426ff9250811af23e1585ad5)] -> xpath: //h2[normalize-space()='Desktops']]
2023-05-15 12:05:570 INFO  HomePage :70 - Mouse Hover on Laptops and Notebooks link and click [[ChromeDriver: chrome on WINDOWS (a3db33c61cca2b2cdd1aa24d5c779f0c)] -> link text: Laptops & Notebooks]
2023-05-15 12:05:343 INFO  LaptopsAndNotebooksPage :36 - Get Laptops and Notebooks text [[ChromeDriver: chrome on WINDOWS (a3db33c61cca2b2cdd1aa24d5c779f0c)] -> xpath: //h2[contains(text(),'Laptops & Notebooks')]]
2023-05-15 12:05:358 INFO  LaptopsAndNotebooksPage :42 - Verify the text Laptops and Notebooks [[ChromeDriver: chrome on WINDOWS (a3db33c61cca2b2cdd1aa24d5c779f0c)] -> xpath: //h2[contains(text(),'Laptops & Notebooks')]]
2023-05-15 12:05:151 INFO  HomePage :64 - Mouse Hover on Desktops link and click [[ChromeDriver: chrome on WINDOWS (0cd2ecf6102f0e2b9822b0a0e778fb33)] -> link text: Desktops]
2023-05-15 12:05:186 INFO  DesktopPage :37 - Get Desktop Text [[ChromeDriver: chrome on WINDOWS (0cd2ecf6102f0e2b9822b0a0e778fb33)] -> xpath: //h2[normalize-space()='Desktops']]
2023-05-15 12:05:203 INFO  DesktopPage :42 - Verify the text Desktops [[ChromeDriver: chrome on WINDOWS (0cd2ecf6102f0e2b9822b0a0e778fb33)] -> xpath: //h2[normalize-space()='Desktops']]
2023-05-15 12:05:450 INFO  HomePage :70 - Mouse Hover on Laptops and Notebooks link and click [[ChromeDriver: chrome on WINDOWS (19c0fd7198acc61fcd769d8bf4e64a1d)] -> link text: Laptops & Notebooks]
2023-05-15 12:05:272 INFO  LaptopsAndNotebooksPage :36 - Get Laptops and Notebooks text [[ChromeDriver: chrome on WINDOWS (19c0fd7198acc61fcd769d8bf4e64a1d)] -> xpath: //h2[contains(text(),'Laptops & Notebooks')]]
2023-05-15 12:05:288 INFO  LaptopsAndNotebooksPage :42 - Verify the text Laptops and Notebooks [[ChromeDriver: chrome on WINDOWS (19c0fd7198acc61fcd769d8bf4e64a1d)] -> xpath: //h2[contains(text(),'Laptops & Notebooks')]]
2023-05-15 12:05:90 INFO  HomePage :76 - Mouse Hover on Component link and click [[ChromeDriver: chrome on WINDOWS (44f30ddf8cb09eab754d06e50a24f7c8)] -> link text: Components]
2023-05-15 12:05:874 INFO  ComponentPage :26 - Get Components Text [[ChromeDriver: chrome on WINDOWS (44f30ddf8cb09eab754d06e50a24f7c8)] -> xpath: //h2[contains(text(),'Components')]]
2023-05-15 12:05:888 INFO  ComponentPage :33 - Verify the text Components [[ChromeDriver: chrome on WINDOWS (44f30ddf8cb09eab754d06e50a24f7c8)] -> xpath: //h2[contains(text(),'Components')]]
2023-05-15 13:05:324 INFO  HomePage :64 - Mouse Hover on Desktops link and click [[ChromeDriver: chrome on WINDOWS (df7cdb94e04ba6f2fd032f61c092fb86)] -> link text: Desktops]
2023-05-15 13:05:78 INFO  DesktopPage :79 - Select sort by option [[ChromeDriver: chrome on WINDOWS (df7cdb94e04ba6f2fd032f61c092fb86)] -> id: input-sort]
2023-05-15 13:05:477 INFO  HomePage :64 - Mouse Hover on Desktops link and click [[ChromeDriver: chrome on WINDOWS (d8c8e9d9fdf9cd27f32b6aa24413d8a6)] -> link text: Desktops]
2023-05-15 13:05:605 INFO  DesktopPage :38 - Get Desktop Text [[ChromeDriver: chrome on WINDOWS (d8c8e9d9fdf9cd27f32b6aa24413d8a6)] -> xpath: //h2[normalize-space()='Desktops']]
2023-05-15 13:05:619 INFO  DesktopPage :43 - Verify the text Desktops [[ChromeDriver: chrome on WINDOWS (d8c8e9d9fdf9cd27f32b6aa24413d8a6)] -> xpath: //h2[normalize-space()='Desktops']]
2023-05-15 13:05:68 INFO  HomePage :64 - Mouse Hover on Desktops link and click [[ChromeDriver: chrome on WINDOWS (fce4956e98e1bb11ce2a2b8cc688ee60)] -> link text: Desktops]
2023-05-15 13:05:255 INFO  HomePage :64 - Mouse Hover on Desktops link and click [[ChromeDriver: chrome on WINDOWS (1550449540edd646c66a39f86dba6991)] -> link text: Desktops]
2023-05-15 13:05:304 INFO  DesktopPage :38 - Get Desktop Text [[ChromeDriver: chrome on WINDOWS (1550449540edd646c66a39f86dba6991)] -> xpath: //h2[normalize-space()='Desktops']]
2023-05-15 13:05:320 INFO  DesktopPage :44 - Verify the text Desktops [[ChromeDriver: chrome on WINDOWS (1550449540edd646c66a39f86dba6991)] -> xpath: //h2[normalize-space()='Desktops']]
2023-05-15 13:05:871 INFO  HomePage :64 - Mouse Hover on Desktops link and click [[ChromeDriver: chrome on WINDOWS (1bbd53d4a864e80ae62deb6934d8a5b9)] -> link text: Desktops]
2023-05-15 13:05:367 INFO  HomePage :64 - Mouse Hover on Desktops link and click [[ChromeDriver: chrome on WINDOWS (1b12e61f6824b6e905e7f6d5a5c3980a)] -> link text: Desktops]
2023-05-15 13:05:848 INFO  DesktopPage :38 - Get Desktop Text [[ChromeDriver: chrome on WINDOWS (1b12e61f6824b6e905e7f6d5a5c3980a)] -> xpath: //h2[normalize-space()='Desktops']]
2023-05-15 13:05:870 INFO  DesktopPage :44 - Verify the text Desktops [[ChromeDriver: chrome on WINDOWS (1b12e61f6824b6e905e7f6d5a5c3980a)] -> xpath: //h2[normalize-space()='Desktops']]
2023-05-15 13:05:680 INFO  HomePage :64 - Mouse Hover on Desktops link and click [[ChromeDriver: chrome on WINDOWS (790fb2de37723b2da68d7e60175ac5be)] -> link text: Desktops]
2023-05-15 13:05:560 INFO  HomePage :64 - Mouse Hover on Desktops link and click [[ChromeDriver: chrome on WINDOWS (f50bd336d9d412e86774a0ae55a23f69)] -> link text: Desktops]
2023-05-15 13:05:52 INFO  DesktopPage :38 - Get Desktop Text [[ChromeDriver: chrome on WINDOWS (f50bd336d9d412e86774a0ae55a23f69)] -> xpath: //h2[normalize-space()='Desktops']]
2023-05-15 13:05:68 INFO  DesktopPage :44 - Verify the text Desktops [[ChromeDriver: chrome on WINDOWS (f50bd336d9d412e86774a0ae55a23f69)] -> xpath: //h2[normalize-space()='Desktops']]
2023-05-15 13:05:549 INFO  HomePage :64 - Mouse Hover on Desktops link and click [[ChromeDriver: chrome on WINDOWS (5a4cc35d94fa47e80204a77bbbfe37b6)] -> link text: Desktops]
2023-05-15 13:05:556 INFO  HomePage :64 - Mouse Hover on Desktops link and click [[ChromeDriver: chrome on WINDOWS (88525c5eefc7941e5dd62ece5bcb1bb9)] -> link text: Desktops]
2023-05-15 13:05:626 INFO  DesktopPage :38 - Get Desktop Text [[ChromeDriver: chrome on WINDOWS (88525c5eefc7941e5dd62ece5bcb1bb9)] -> xpath: //h2[normalize-space()='Desktops']]
2023-05-15 13:05:646 INFO  DesktopPage :44 - Verify the text Desktops [[ChromeDriver: chrome on WINDOWS (88525c5eefc7941e5dd62ece5bcb1bb9)] -> xpath: //h2[normalize-space()='Desktops']]
2023-05-15 13:05:205 INFO  HomePage :64 - Mouse Hover on Desktops link and click [[ChromeDriver: chrome on WINDOWS (1c8aa56d6023e6ac8cba2a97242e6b70)] -> link text: Desktops]
2023-05-15 13:05:08 INFO  DesktopPage :96 - Select sort by option [[ChromeDriver: chrome on WINDOWS (1c8aa56d6023e6ac8cba2a97242e6b70)] -> id: input-sort]
2023-05-15 13:05:276 INFO  HomePage :64 - Mouse Hover on Desktops link and click [[ChromeDriver: chrome on WINDOWS (44f09a45ae0cedf8eb02e1b7ebeb83ba)] -> link text: Desktops]
2023-05-15 13:05:748 INFO  DesktopPage :38 - Get Desktop Text [[ChromeDriver: chrome on WINDOWS (44f09a45ae0cedf8eb02e1b7ebeb83ba)] -> xpath: //h2[normalize-space()='Desktops']]
2023-05-15 13:05:762 INFO  DesktopPage :44 - Verify the text Desktops [[ChromeDriver: chrome on WINDOWS (44f09a45ae0cedf8eb02e1b7ebeb83ba)] -> xpath: //h2[normalize-space()='Desktops']]
2023-05-15 14:05:303 INFO  HomePage :64 - Mouse Hover on Desktops link and click [[ChromeDriver: chrome on WINDOWS (1f50e85c9731328e6576e2d3994080fc)] -> link text: Desktops]
2023-05-15 14:05:46 INFO  DesktopPage :96 - Select sort by option [[ChromeDriver: chrome on WINDOWS (1f50e85c9731328e6576e2d3994080fc)] -> id: input-sort]
2023-05-15 14:05:773 INFO  HomePage :64 - Mouse Hover on Desktops link and click [[ChromeDriver: chrome on WINDOWS (af343225b7ef0d699bbe678f0fddd456)] -> link text: Desktops]
2023-05-15 14:05:687 INFO  DesktopPage :96 - Select sort by option [[ChromeDriver: chrome on WINDOWS (af343225b7ef0d699bbe678f0fddd456)] -> id: input-sort]
2023-05-15 14:05:701 INFO  ProductPage :57 - Get Product text [[ChromeDriver: chrome on WINDOWS (af343225b7ef0d699bbe678f0fddd456)] -> xpath: //div[@id = 'content']//h1]
2023-05-15 14:05:555 INFO  ProductPage :114 -  Enter Quantity [[ChromeDriver: chrome on WINDOWS (af343225b7ef0d699bbe678f0fddd456)] -> xpath: //input[@id='input-quantity']]
2023-05-15 14:05:622 INFO  ProductPage :91 - Click on Add to Cart button [[ChromeDriver: chrome on WINDOWS (af343225b7ef0d699bbe678f0fddd456)] -> xpath: //button[@id='button-cart']]
2023-05-15 14:05:686 INFO  ProductPage :96 - Get product added success message Proxy element for: DefaultElementLocator 'By.xpath: //div[@class='alert alert-success alert-dismissible']'
2023-05-15 14:05:39 INFO  HomePage :64 - Mouse Hover on Desktops link and click [[ChromeDriver: chrome on WINDOWS (c6a4429d395db5584160f0bd440c92a5)] -> link text: Desktops]
2023-05-15 14:05:296 INFO  DesktopPage :38 - Get Desktop Text [[ChromeDriver: chrome on WINDOWS (c6a4429d395db5584160f0bd440c92a5)] -> xpath: //h2[normalize-space()='Desktops']]
2023-05-15 14:05:308 INFO  DesktopPage :44 - Verify the text Desktops [[ChromeDriver: chrome on WINDOWS (c6a4429d395db5584160f0bd440c92a5)] -> xpath: //h2[normalize-space()='Desktops']]
2023-05-15 14:05:614 INFO  HomePage :70 - Mouse Hover on Laptops and Notebooks link and click [[ChromeDriver: chrome on WINDOWS (e86f8a77bfbe9816eaff4f7004e933b4)] -> link text: Laptops & Notebooks]
2023-05-15 14:05:523 INFO  LaptopsAndNotebooksPage :36 - Get Laptops and Notebooks text [[ChromeDriver: chrome on WINDOWS (e86f8a77bfbe9816eaff4f7004e933b4)] -> xpath: //h2[contains(text(),'Laptops & Notebooks')]]
2023-05-15 14:05:534 INFO  LaptopsAndNotebooksPage :42 - Verify the text Laptops and Notebooks [[ChromeDriver: chrome on WINDOWS (e86f8a77bfbe9816eaff4f7004e933b4)] -> xpath: //h2[contains(text(),'Laptops & Notebooks')]]
2023-05-15 14:05:808 INFO  HomePage :76 - Mouse Hover on Component link and click [[ChromeDriver: chrome on WINDOWS (f219539dafb9feb3b8c2ee8c5bc73903)] -> link text: Components]
2023-05-15 14:05:649 INFO  ComponentPage :26 - Get Components Text [[ChromeDriver: chrome on WINDOWS (f219539dafb9feb3b8c2ee8c5bc73903)] -> xpath: //h2[contains(text(),'Components')]]
2023-05-15 14:05:661 INFO  ComponentPage :33 - Verify the text Components [[ChromeDriver: chrome on WINDOWS (f219539dafb9feb3b8c2ee8c5bc73903)] -> xpath: //h2[contains(text(),'Components')]]
2023-05-15 14:05:878 INFO  HomePage :64 - Mouse Hover on Desktops link and click [[ChromeDriver: chrome on WINDOWS (28f908300e8e1ed5ff23719bdf60cd8e)] -> link text: Desktops]
2023-05-15 14:05:879 INFO  DesktopPage :96 - Select sort by option [[ChromeDriver: chrome on WINDOWS (28f908300e8e1ed5ff23719bdf60cd8e)] -> id: input-sort]
2023-05-15 14:05:230 INFO  HomePage :64 - Mouse Hover on Desktops link and click [[ChromeDriver: chrome on WINDOWS (cc42a74b9dac849752053e37d28b5de3)] -> link text: Desktops]
2023-05-15 14:05:898 INFO  DesktopPage :96 - Select sort by option [[ChromeDriver: chrome on WINDOWS (cc42a74b9dac849752053e37d28b5de3)] -> id: input-sort]
2023-05-15 14:05:804 INFO  ProductPage :57 - Get Product text [[ChromeDriver: chrome on WINDOWS (cc42a74b9dac849752053e37d28b5de3)] -> xpath: //div[@id = 'content']//h1]
2023-05-15 14:05:733 INFO  ProductPage :114 -  Enter Quantity [[ChromeDriver: chrome on WINDOWS (cc42a74b9dac849752053e37d28b5de3)] -> xpath: //input[@id='input-quantity']]
2023-05-15 14:05:798 INFO  ProductPage :91 - Click on Add to Cart button [[ChromeDriver: chrome on WINDOWS (cc42a74b9dac849752053e37d28b5de3)] -> xpath: //button[@id='button-cart']]
2023-05-15 14:05:528 INFO  ProductPage :96 - Get product added success message [[ChromeDriver: chrome on WINDOWS (cc42a74b9dac849752053e37d28b5de3)] -> xpath: //div[@class='alert alert-success alert-dismissible']]
2023-05-15 14:05:854 INFO  HomePage :64 - Mouse Hover on Desktops link and click [[ChromeDriver: chrome on WINDOWS (9178085576bda3a753e804e0e285a813)] -> link text: Desktops]
2023-05-15 14:05:132 INFO  DesktopPage :38 - Get Desktop Text [[ChromeDriver: chrome on WINDOWS (9178085576bda3a753e804e0e285a813)] -> xpath: //h2[normalize-space()='Desktops']]
2023-05-15 14:05:144 INFO  DesktopPage :44 - Verify the text Desktops [[ChromeDriver: chrome on WINDOWS (9178085576bda3a753e804e0e285a813)] -> xpath: //h2[normalize-space()='Desktops']]
2023-05-15 14:05:653 INFO  HomePage :70 - Mouse Hover on Laptops and Notebooks link and click [[ChromeDriver: chrome on WINDOWS (c0d3a6acbc1ac512e09ac2fa7b2ac8f3)] -> link text: Laptops & Notebooks]
2023-05-15 14:05:989 INFO  LaptopsAndNotebooksPage :36 - Get Laptops and Notebooks text [[ChromeDriver: chrome on WINDOWS (c0d3a6acbc1ac512e09ac2fa7b2ac8f3)] -> xpath: //h2[contains(text(),'Laptops & Notebooks')]]
2023-05-15 14:05:02 INFO  LaptopsAndNotebooksPage :42 - Verify the text Laptops and Notebooks [[ChromeDriver: chrome on WINDOWS (c0d3a6acbc1ac512e09ac2fa7b2ac8f3)] -> xpath: //h2[contains(text(),'Laptops & Notebooks')]]
2023-05-15 14:05:281 INFO  HomePage :76 - Mouse Hover on Component link and click [[ChromeDriver: chrome on WINDOWS (3b4fed0a32312dc4a06572d5b1923a09)] -> link text: Components]
2023-05-15 14:05:74 INFO  ComponentPage :26 - Get Components Text [[ChromeDriver: chrome on WINDOWS (3b4fed0a32312dc4a06572d5b1923a09)] -> xpath: //h2[contains(text(),'Components')]]
2023-05-15 14:05:87 INFO  ComponentPage :33 - Verify the text Components [[ChromeDriver: chrome on WINDOWS (3b4fed0a32312dc4a06572d5b1923a09)] -> xpath: //h2[contains(text(),'Components')]]
2023-05-15 14:05:252 INFO  HomePage :64 - Mouse Hover on Desktops link and click [[ChromeDriver: chrome on WINDOWS (677730dd5a377b9e9c70ee407a6407ea)] -> link text: Desktops]
2023-05-15 14:05:280 INFO  DesktopPage :96 - Select sort by option [[ChromeDriver: chrome on WINDOWS (677730dd5a377b9e9c70ee407a6407ea)] -> id: input-sort]
2023-05-15 14:05:287 INFO  ProductPage :57 - Get Product text [[ChromeDriver: chrome on WINDOWS (677730dd5a377b9e9c70ee407a6407ea)] -> xpath: //div[@id = 'content']//h1]
2023-05-15 14:05:35 INFO  ProductPage :114 -  Enter Quantity [[ChromeDriver: chrome on WINDOWS (677730dd5a377b9e9c70ee407a6407ea)] -> xpath: //input[@id='input-quantity']]
2023-05-15 14:05:108 INFO  ProductPage :91 - Click on Add to Cart button [[ChromeDriver: chrome on WINDOWS (677730dd5a377b9e9c70ee407a6407ea)] -> xpath: //button[@id='button-cart']]
2023-05-15 14:05:802 INFO  ProductPage :96 - Get product added success message [[ChromeDriver: chrome on WINDOWS (677730dd5a377b9e9c70ee407a6407ea)] -> xpath: //div[@class='alert alert-success alert-dismissible']]
2023-05-15 14:05:707 INFO  ProductPage :107 - Click on Shopping cart link into message [[ChromeDriver: chrome on WINDOWS (677730dd5a377b9e9c70ee407a6407ea)] -> xpath: //a[contains(text(),'shopping cart')]]
2023-05-15 14:05:736 INFO  ShoppingPage :50 - Get Shopping cart text [[ChromeDriver: chrome on WINDOWS (677730dd5a377b9e9c70ee407a6407ea)] -> xpath: //div[@id='content']//h1]
2023-05-15 14:05:670 INFO  HomePage :64 - Mouse Hover on Desktops link and click [[ChromeDriver: chrome on WINDOWS (ed41f32177b9190b8b3b895d2ff62a57)] -> link text: Desktops]
2023-05-15 14:05:501 INFO  DesktopPage :96 - Select sort by option [[ChromeDriver: chrome on WINDOWS (ed41f32177b9190b8b3b895d2ff62a57)] -> id: input-sort]
2023-05-15 14:05:667 INFO  ProductPage :57 - Get Product text [[ChromeDriver: chrome on WINDOWS (ed41f32177b9190b8b3b895d2ff62a57)] -> xpath: //div[@id = 'content']//h1]
2023-05-15 14:05:449 INFO  ProductPage :114 -  Enter Quantity [[ChromeDriver: chrome on WINDOWS (ed41f32177b9190b8b3b895d2ff62a57)] -> xpath: //input[@id='input-quantity']]
2023-05-15 14:05:529 INFO  ProductPage :91 - Click on Add to Cart button [[ChromeDriver: chrome on WINDOWS (ed41f32177b9190b8b3b895d2ff62a57)] -> xpath: //button[@id='button-cart']]
2023-05-15 14:05:302 INFO  ProductPage :96 - Get product added success message [[ChromeDriver: chrome on WINDOWS (ed41f32177b9190b8b3b895d2ff62a57)] -> xpath: //div[@class='alert alert-success alert-dismissible']]
2023-05-15 14:05:725 INFO  HomePage :64 - Mouse Hover on Desktops link and click [[ChromeDriver: chrome on WINDOWS (64d24e59443aba72dee9714f597c47b8)] -> link text: Desktops]
2023-05-15 14:05:977 INFO  DesktopPage :96 - Select sort by option [[ChromeDriver: chrome on WINDOWS (64d24e59443aba72dee9714f597c47b8)] -> id: input-sort]
2023-05-15 14:05:639 INFO  ProductPage :57 - Get Product text [[ChromeDriver: chrome on WINDOWS (64d24e59443aba72dee9714f597c47b8)] -> xpath: //div[@id = 'content']//h1]
2023-05-15 14:05:976 INFO  ProductPage :114 -  Enter Quantity [[ChromeDriver: chrome on WINDOWS (64d24e59443aba72dee9714f597c47b8)] -> xpath: //input[@id='input-quantity']]
2023-05-15 14:05:55 INFO  ProductPage :91 - Click on Add to Cart button [[ChromeDriver: chrome on WINDOWS (64d24e59443aba72dee9714f597c47b8)] -> xpath: //button[@id='button-cart']]
2023-05-15 14:05:774 INFO  ProductPage :96 - Get product added success message [[ChromeDriver: chrome on WINDOWS (64d24e59443aba72dee9714f597c47b8)] -> xpath: //div[@class='alert alert-success alert-dismissible']]
2023-05-15 14:05:882 INFO  ProductPage :107 - Click on Shopping cart link into message [[ChromeDriver: chrome on WINDOWS (64d24e59443aba72dee9714f597c47b8)] -> xpath: //a[contains(text(),'shopping cart')]]
2023-05-15 14:05:910 INFO  ShoppingPage :50 - Get Shopping cart text [[ChromeDriver: chrome on WINDOWS (64d24e59443aba72dee9714f597c47b8)] -> xpath: //div[@id='content']//h1]
2023-05-15 14:05:728 INFO  HomePage :64 - Mouse Hover on Desktops link and click [[ChromeDriver: chrome on WINDOWS (fc3ff5cdf7b5509c285be9b37c9de806)] -> link text: Desktops]
2023-05-15 14:05:876 INFO  DesktopPage :96 - Select sort by option [[ChromeDriver: chrome on WINDOWS (fc3ff5cdf7b5509c285be9b37c9de806)] -> id: input-sort]
2023-05-15 14:05:917 INFO  ProductPage :57 - Get Product text [[ChromeDriver: chrome on WINDOWS (fc3ff5cdf7b5509c285be9b37c9de806)] -> xpath: //div[@id = 'content']//h1]
2023-05-15 14:05:824 INFO  ProductPage :114 -  Enter Quantity [[ChromeDriver: chrome on WINDOWS (fc3ff5cdf7b5509c285be9b37c9de806)] -> xpath: //input[@id='input-quantity']]
2023-05-15 14:05:897 INFO  ProductPage :91 - Click on Add to Cart button [[ChromeDriver: chrome on WINDOWS (fc3ff5cdf7b5509c285be9b37c9de806)] -> xpath: //button[@id='button-cart']]
2023-05-15 14:05:697 INFO  ProductPage :107 - Click on Shopping cart link into message [[ChromeDriver: chrome on WINDOWS (fc3ff5cdf7b5509c285be9b37c9de806)] -> xpath: //a[contains(text(),'shopping cart')]]
2023-05-15 14:05:732 INFO  ShoppingPage :50 - Get Shopping cart text [[ChromeDriver: chrome on WINDOWS (fc3ff5cdf7b5509c285be9b37c9de806)] -> xpath: //div[@id='content']//h1]
2023-05-15 14:05:338 INFO  HomePage :64 - Mouse Hover on Desktops link and click [[ChromeDriver: chrome on WINDOWS (31668faa12848c75512222c328d10058)] -> link text: Desktops]
2023-05-15 14:05:375 INFO  DesktopPage :96 - Select sort by option [[ChromeDriver: chrome on WINDOWS (31668faa12848c75512222c328d10058)] -> id: input-sort]
2023-05-15 14:05:418 INFO  ProductPage :57 - Get Product text [[ChromeDriver: chrome on WINDOWS (31668faa12848c75512222c328d10058)] -> xpath: //div[@id = 'content']//h1]
2023-05-15 14:05:151 INFO  ProductPage :114 -  Enter Quantity [[ChromeDriver: chrome on WINDOWS (31668faa12848c75512222c328d10058)] -> xpath: //input[@id='input-quantity']]
2023-05-15 14:05:233 INFO  ProductPage :91 - Click on Add to Cart button [[ChromeDriver: chrome on WINDOWS (31668faa12848c75512222c328d10058)] -> xpath: //button[@id='button-cart']]
2023-05-15 14:05:452 INFO  HomePage :64 - Mouse Hover on Desktops link and click [[ChromeDriver: chrome on WINDOWS (873b643b65413271c6588cc996649e3b)] -> link text: Desktops]
2023-05-15 14:05:432 INFO  DesktopPage :96 - Select sort by option [[ChromeDriver: chrome on WINDOWS (873b643b65413271c6588cc996649e3b)] -> id: input-sort]
2023-05-15 14:05:762 INFO  ProductPage :57 - Get Product text [[ChromeDriver: chrome on WINDOWS (873b643b65413271c6588cc996649e3b)] -> xpath: //div[@id = 'content']//h1]
2023-05-15 14:05:344 INFO  ProductPage :114 -  Enter Quantity [[ChromeDriver: chrome on WINDOWS (873b643b65413271c6588cc996649e3b)] -> xpath: //input[@id='input-quantity']]
2023-05-15 14:05:417 INFO  ProductPage :91 - Click on Add to Cart button [[ChromeDriver: chrome on WINDOWS (873b643b65413271c6588cc996649e3b)] -> xpath: //button[@id='button-cart']]
2023-05-15 14:05:461 INFO  ProductPage :107 - Click on Shopping cart link into message [[ChromeDriver: chrome on WINDOWS (873b643b65413271c6588cc996649e3b)] -> xpath: //a[normalize-space()='shopping cart']]
2023-05-15 14:05:506 INFO  ShoppingPage :50 - Get Shopping cart text [[ChromeDriver: chrome on WINDOWS (873b643b65413271c6588cc996649e3b)] -> xpath: //div[@id='content']//h1]
2023-05-15 14:05:785 INFO  HomePage :64 - Mouse Hover on Desktops link and click [[ChromeDriver: chrome on WINDOWS (b7077ada3c73bcff44a6f2c3e5bde6ce)] -> link text: Desktops]
2023-05-15 14:05:634 INFO  DesktopPage :96 - Select sort by option [[ChromeDriver: chrome on WINDOWS (b7077ada3c73bcff44a6f2c3e5bde6ce)] -> id: input-sort]
2023-05-15 14:05:776 INFO  ProductPage :57 - Get Product text [[ChromeDriver: chrome on WINDOWS (b7077ada3c73bcff44a6f2c3e5bde6ce)] -> xpath: //div[@id = 'content']//h1]
2023-05-15 14:05:490 INFO  ProductPage :114 -  Enter Quantity [[ChromeDriver: chrome on WINDOWS (b7077ada3c73bcff44a6f2c3e5bde6ce)] -> xpath: //input[@id='input-quantity']]
2023-05-15 14:05:582 INFO  ProductPage :91 - Click on Add to Cart button [[ChromeDriver: chrome on WINDOWS (b7077ada3c73bcff44a6f2c3e5bde6ce)] -> xpath: //button[@id='button-cart']]
2023-05-15 14:05:447 INFO  ProductPage :107 - Click on Shopping cart link into message [[ChromeDriver: chrome on WINDOWS (b7077ada3c73bcff44a6f2c3e5bde6ce)] -> xpath: //a[normalize-space()='shopping cart']]
2023-05-15 14:05:481 INFO  ShoppingPage :50 - Get Shopping cart text [[ChromeDriver: chrome on WINDOWS (b7077ada3c73bcff44a6f2c3e5bde6ce)] -> xpath: //div[@id='content']//h1]
2023-05-15 18:05:897 INFO  HomePage :70 - Mouse Hover on Laptops and Notebooks link and click [[ChromeDriver: chrome on WINDOWS (af03232bd9b28a3a534f77d72a5852b8)] -> link text: Laptops & Notebooks]
2023-05-15 18:05:465 INFO  HomePage :70 - Mouse Hover on Laptops and Notebooks link and click [[ChromeDriver: chrome on WINDOWS (f7848cf1d40a69e3b063d2720b6d8207)] -> link text: Laptops & Notebooks]
2023-05-15 19:05:378 INFO  HomePage :64 - Mouse Hover on Desktops link and click [[ChromeDriver: chrome on WINDOWS (63128a2446cb1723d219f8e724111c8c)] -> link text: Desktops]
2023-05-15 19:05:158 INFO  DesktopPage :96 - Select sort by option [[ChromeDriver: chrome on WINDOWS (63128a2446cb1723d219f8e724111c8c)] -> id: input-sort]
2023-05-15 19:05:135 INFO  HomePage :70 - Mouse Hover on Laptops and Notebooks link and click [[ChromeDriver: chrome on WINDOWS (92e831ea2c33b0983b62a293a28d5355)] -> xpath: (//a[@class='dropdown-toggle'][normalize-space()='Laptops & Notebooks'])[1]]
2023-05-15 19:05:565 INFO  LaptopsAndNotebooksPage :73 - Select sort by option [[ChromeDriver: chrome on WINDOWS (92e831ea2c33b0983b62a293a28d5355)] -> id: input-sort]
2023-05-15 19:05:614 INFO  HomePage :64 - Mouse Hover on Desktops link and click [[ChromeDriver: chrome on WINDOWS (596200d7b23f6cb6381eb0db6c6a6833)] -> link text: Desktops]
2023-05-15 19:05:865 INFO  DesktopPage :38 - Get Desktop Text [[ChromeDriver: chrome on WINDOWS (596200d7b23f6cb6381eb0db6c6a6833)] -> xpath: //h2[normalize-space()='Desktops']]
2023-05-15 19:05:876 INFO  DesktopPage :44 - Verify the text Desktops [[ChromeDriver: chrome on WINDOWS (596200d7b23f6cb6381eb0db6c6a6833)] -> xpath: //h2[normalize-space()='Desktops']]
2023-05-16 09:05:08 INFO  HomePage :94 - Click on My Account tab [[ChromeDriver: chrome on WINDOWS (17c3283f2bcf7098a317f9989024e866)] -> xpath: //span[contains(text(),'My Account')]]
2023-05-16 09:05:157 INFO  AccountRegisterPage :60 - Get Register Account Text [[ChromeDriver: chrome on WINDOWS (17c3283f2bcf7098a317f9989024e866)] -> xpath: //h1[contains(text(),'Register Account')]]
2023-05-16 09:05:936 INFO  HomePage :70 - Mouse Hover on Laptops and Notebooks link and click [[ChromeDriver: chrome on WINDOWS (41a625242191db4c89b1510622e2b18b)] -> xpath: //a[normalize-space()='Laptops & Notebooks']]
2023-05-16 09:05:225 INFO  LaptopsAndNotebooksPage :73 - Select sort by option [[ChromeDriver: chrome on WINDOWS (41a625242191db4c89b1510622e2b18b)] -> id: input-sort]
2023-05-16 09:05:294 INFO  HomePage :70 - Mouse Hover on Laptops and Notebooks link and click [[ChromeDriver: chrome on WINDOWS (d87a9067169476c9386ea0123495556b)] -> xpath: //a[normalize-space()='Laptops & Notebooks']]
2023-05-16 09:05:807 INFO  LaptopsAndNotebooksPage :73 - Select sort by option [[ChromeDriver: chrome on WINDOWS (d87a9067169476c9386ea0123495556b)] -> id: input-sort]
2023-05-16 09:05:926 INFO  ShoppingPage :69 - Get Shopping cart text [[ChromeDriver: chrome on WINDOWS (d87a9067169476c9386ea0123495556b)] -> xpath: //div[@id='content']//h1]
2023-05-16 10:05:620 INFO  HomePage :70 - Mouse Hover on Laptops and Notebooks link and click [[ChromeDriver: chrome on WINDOWS (fcab41cfbc06095cfc1b2592f594b21d)] -> xpath: //a[normalize-space()='Laptops & Notebooks']]
2023-05-16 10:05:879 INFO  LaptopsAndNotebooksPage :73 - Select sort by option [[ChromeDriver: chrome on WINDOWS (fcab41cfbc06095cfc1b2592f594b21d)] -> id: input-sort]
2023-05-16 10:05:872 INFO  ShoppingPage :69 - Get Shopping cart text [[ChromeDriver: chrome on WINDOWS (fcab41cfbc06095cfc1b2592f594b21d)] -> xpath: //div[@id='content']//h1]
2023-05-16 10:05:255 INFO  HomePage :70 - Mouse Hover on Laptops and Notebooks link and click [[ChromeDriver: chrome on WINDOWS (de692773dd842af82694d5c24ff4ba97)] -> xpath: //a[normalize-space()='Laptops & Notebooks']]
2023-05-16 10:05:676 INFO  LaptopsAndNotebooksPage :73 - Select sort by option [[ChromeDriver: chrome on WINDOWS (de692773dd842af82694d5c24ff4ba97)] -> id: input-sort]
2023-05-16 10:05:483 INFO  ShoppingPage :69 - Get Shopping cart text [[ChromeDriver: chrome on WINDOWS (de692773dd842af82694d5c24ff4ba97)] -> xpath: //div[@id='content']//h1]
2023-05-16 10:05:734 INFO  HomePage :94 - Click on My Account tab [[ChromeDriver: chrome on WINDOWS (2978b4a0c026e1d8e693761fa4fc0516)] -> xpath: //span[contains(text(),'My Account')]]
2023-05-16 10:05:206 INFO  HomePage :94 - Click on My Account tab [[ChromeDriver: chrome on WINDOWS (14683f26b3ab44f1d225e186cfb1eccb)] -> xpath: //span[contains(text(),'My Account')]]
2023-05-16 11:05:595 INFO  HomePage :70 - Mouse Hover on Laptops and Notebooks link and click [[ChromeDriver: chrome on WINDOWS (45c96d10bc40b34de7cbe945294d8ff4)] -> xpath: //a[normalize-space()='Laptops & Notebooks']]
2023-05-16 11:05:311 INFO  LaptopsAndNotebooksPage :73 - Select sort by option [[ChromeDriver: chrome on WINDOWS (45c96d10bc40b34de7cbe945294d8ff4)] -> id: input-sort]
2023-05-16 11:05:788 INFO  HomePage :70 - Mouse Hover on Laptops and Notebooks link and click [[ChromeDriver: chrome on WINDOWS (e106096779a97d61c0637bc2a172408d)] -> xpath: //a[normalize-space()='Laptops & Notebooks']]
2023-05-16 11:05:59 INFO  LaptopsAndNotebooksPage :73 - Select sort by option [[ChromeDriver: chrome on WINDOWS (e106096779a97d61c0637bc2a172408d)] -> id: input-sort]
2023-05-16 11:05:583 INFO  ShoppingPage :69 - Get Shopping cart text [[ChromeDriver: chrome on WINDOWS (e106096779a97d61c0637bc2a172408d)] -> xpath: //div[@id='content']//h1]
2023-05-16 11:05:691 INFO  HomePage :94 - Click on My Account tab [[ChromeDriver: chrome on WINDOWS (f2a90cfec3562b01b001cbc204a8e0e8)] -> xpath: //span[contains(text(),'My Account')]]
2023-05-16 11:05:500 INFO  AccountRegisterPage :72 - Get Register Account Text [[ChromeDriver: chrome on WINDOWS (f2a90cfec3562b01b001cbc204a8e0e8)] -> xpath: //h1[contains(text(),'Register Account')]]
2023-05-16 11:05:185 INFO  HomePage :94 - Click on My Account tab [[ChromeDriver: chrome on WINDOWS (4bac1c003ee611dabfd79a299e0549ce)] -> xpath: //span[contains(text(),'My Account')]]
2023-05-16 11:05:658 INFO  AccountLoginPage :38 - Get Returning Customer Text [[ChromeDriver: chrome on WINDOWS (4bac1c003ee611dabfd79a299e0549ce)] -> xpath: //h2[normalize-space()='Returning Customer']]
2023-05-16 11:05:98 INFO  HomePage :94 - Click on My Account tab [[ChromeDriver: chrome on WINDOWS (6357e7ed16795cab15faad1b16a1a535)] -> xpath: //span[contains(text(),'My Account')]]
2023-05-16 11:05:15 INFO  AccountRegisterPage :84 - Enter First Name [[ChromeDriver: chrome on WINDOWS (6357e7ed16795cab15faad1b16a1a535)] -> id: input-firstname]
2023-05-16 11:05:97 INFO  AccountRegisterPage :90 - Enter Last name [[ChromeDriver: chrome on WINDOWS (6357e7ed16795cab15faad1b16a1a535)] -> id: input-lastname]
2023-05-16 11:05:173 INFO  AccountRegisterPage :96 - Enter Email [[ChromeDriver: chrome on WINDOWS (6357e7ed16795cab15faad1b16a1a535)] -> id: input-email]
2023-05-16 11:05:230 INFO  AccountRegisterPage :102 - Enter Telephone Number [[ChromeDriver: chrome on WINDOWS (6357e7ed16795cab15faad1b16a1a535)] -> id: input-telephone]
2023-05-16 11:05:296 INFO  AccountRegisterPage :108 - Enter Password [[ChromeDriver: chrome on WINDOWS (6357e7ed16795cab15faad1b16a1a535)] -> id: input-password]
2023-05-16 11:05:353 INFO  AccountRegisterPage :114 - Enter confirm Password [[ChromeDriver: chrome on WINDOWS (6357e7ed16795cab15faad1b16a1a535)] -> id: input-confirm]
2023-05-16 11:05:458 INFO  AccountRegisterPage :131 - Click on Privacy Policy Checkbox [[ChromeDriver: chrome on WINDOWS (6357e7ed16795cab15faad1b16a1a535)] -> xpath: //div[@class = 'buttons']//input[@name='agree']]
2023-05-16 11:05:805 INFO  AccountRegisterPage :137 - Click on Continue Button [[ChromeDriver: chrome on WINDOWS (6357e7ed16795cab15faad1b16a1a535)] -> xpath: //div[@class = 'buttons']//input[@value='Continue']]
2023-05-16 11:05:321 INFO  HomePage :94 - Click on My Account tab [[ChromeDriver: chrome on WINDOWS (6357e7ed16795cab15faad1b16a1a535)] -> xpath: //span[contains(text(),'My Account')]]
2023-05-16 12:05:985 INFO  HomePage :94 - Click on My Account tab [[ChromeDriver: chrome on WINDOWS (54635d238393cb573b5cd515d18c646a)] -> xpath: //span[contains(text(),'My Account')]]
2023-05-16 12:05:114 INFO  HomePage :64 - Mouse Hover on Desktops link and click [[ChromeDriver: chrome on WINDOWS (6ef72f9fe860c285860c1c19a2aa4488)] -> link text: Desktops]
2023-05-16 12:05:72 INFO  DesktopPage :96 - Select sort by option [[ChromeDriver: chrome on WINDOWS (6ef72f9fe860c285860c1c19a2aa4488)] -> id: input-sort]
2023-05-16 12:05:564 INFO  HomePage :64 - Mouse Hover on Desktops link and click [[ChromeDriver: chrome on WINDOWS (a34070cdf8191d90433bbfe8bf3ba2bb)] -> link text: Desktops]
2023-05-16 12:05:22 INFO  DesktopPage :96 - Select sort by option [[ChromeDriver: chrome on WINDOWS (a34070cdf8191d90433bbfe8bf3ba2bb)] -> id: input-sort]
2023-05-16 12:05:312 INFO  ProductPage :57 - Get Product text [[ChromeDriver: chrome on WINDOWS (a34070cdf8191d90433bbfe8bf3ba2bb)] -> xpath: //h1[normalize-space()='HP LP3065']]
2023-05-16 12:05:884 INFO  ProductPage :114 -  Enter Quantity [[ChromeDriver: chrome on WINDOWS (a34070cdf8191d90433bbfe8bf3ba2bb)] -> xpath: //input[@id='input-quantity']]
2023-05-16 12:05:938 INFO  ProductPage :91 - Click on Add to Cart button [[ChromeDriver: chrome on WINDOWS (a34070cdf8191d90433bbfe8bf3ba2bb)] -> xpath: //button[@id='button-cart']]
2023-05-16 12:05:803 INFO  ProductPage :107 - Click on Shopping cart link into message [[ChromeDriver: chrome on WINDOWS (a34070cdf8191d90433bbfe8bf3ba2bb)] -> xpath: //a[normalize-space()='shopping cart']]
2023-05-16 12:05:825 INFO  ShoppingPage :69 - Get Shopping cart text [[ChromeDriver: chrome on WINDOWS (a34070cdf8191d90433bbfe8bf3ba2bb)] -> xpath: //div[@id='content']//h1]
2023-05-16 12:05:864 INFO  ShoppingPage :79 - Get Product name [[ChromeDriver: chrome on WINDOWS (a34070cdf8191d90433bbfe8bf3ba2bb)] -> xpath: //div[@class = 'table-responsive']/table/tbody/tr/td[2]/a]
2023-05-16 12:05:889 INFO  ShoppingPage :89 - Get Delivery date [[ChromeDriver: chrome on WINDOWS (a34070cdf8191d90433bbfe8bf3ba2bb)] -> xpath: //div[@class = 'table-responsive']/table/tbody/tr/td[2]/small[1]]
2023-05-16 12:05:77 INFO  HomePage :70 - Mouse Hover on Laptops and Notebooks link and click [[ChromeDriver: chrome on WINDOWS (62ace14358332629c248714f95d5d220)] -> xpath: //a[normalize-space()='Laptops & Notebooks']]
2023-05-16 12:05:323 INFO  LaptopsAndNotebooksPage :73 - Select sort by option [[ChromeDriver: chrome on WINDOWS (62ace14358332629c248714f95d5d220)] -> id: input-sort]
2023-05-16 12:05:894 INFO  HomePage :70 - Mouse Hover on Laptops and Notebooks link and click [[ChromeDriver: chrome on WINDOWS (a0a37bda0478d5f064b736d304446f23)] -> xpath: //a[normalize-space()='Laptops & Notebooks']]
2023-05-16 12:05:44 INFO  LaptopsAndNotebooksPage :73 - Select sort by option [[ChromeDriver: chrome on WINDOWS (a0a37bda0478d5f064b736d304446f23)] -> id: input-sort]
2023-05-16 12:05:535 INFO  ShoppingPage :69 - Get Shopping cart text [[ChromeDriver: chrome on WINDOWS (a0a37bda0478d5f064b736d304446f23)] -> xpath: //div[@id='content']//h1]
2023-05-16 12:05:774 INFO  HomePage :94 - Click on My Account tab [[ChromeDriver: chrome on WINDOWS (b6221635ea3b565f3c48ab6d64ef7020)] -> xpath: //span[contains(text(),'My Account')]]
2023-05-16 12:05:563 INFO  AccountRegisterPage :72 - Get Register Account Text [[ChromeDriver: chrome on WINDOWS (b6221635ea3b565f3c48ab6d64ef7020)] -> xpath: //h1[contains(text(),'Register Account')]]
2023-05-16 12:05:168 INFO  HomePage :94 - Click on My Account tab [[ChromeDriver: chrome on WINDOWS (97636bb1a9986623cad47e65f0008c76)] -> xpath: //span[contains(text(),'My Account')]]
2023-05-16 12:05:667 INFO  AccountLoginPage :42 - Get Returning Customer Text [[ChromeDriver: chrome on WINDOWS (97636bb1a9986623cad47e65f0008c76)] -> xpath: //h2[normalize-space()='Returning Customer']]
2023-05-16 12:05:863 INFO  HomePage :94 - Click on My Account tab [[ChromeDriver: chrome on WINDOWS (b0f1da3cb03b6cee217aa02562939603)] -> xpath: //span[contains(text(),'My Account')]]
2023-05-16 12:05:784 INFO  AccountRegisterPage :84 - Enter First Name [[ChromeDriver: chrome on WINDOWS (b0f1da3cb03b6cee217aa02562939603)] -> id: input-firstname]
2023-05-16 12:05:873 INFO  AccountRegisterPage :90 - Enter Last name [[ChromeDriver: chrome on WINDOWS (b0f1da3cb03b6cee217aa02562939603)] -> id: input-lastname]
2023-05-16 12:05:945 INFO  AccountRegisterPage :96 - Enter Email [[ChromeDriver: chrome on WINDOWS (b0f1da3cb03b6cee217aa02562939603)] -> id: input-email]
2023-05-16 12:05:01 INFO  AccountRegisterPage :102 - Enter Telephone Number [[ChromeDriver: chrome on WINDOWS (b0f1da3cb03b6cee217aa02562939603)] -> id: input-telephone]
2023-05-16 12:05:54 INFO  AccountRegisterPage :108 - Enter Password [[ChromeDriver: chrome on WINDOWS (b0f1da3cb03b6cee217aa02562939603)] -> id: input-password]
2023-05-16 12:05:105 INFO  AccountRegisterPage :114 - Enter confirm Password [[ChromeDriver: chrome on WINDOWS (b0f1da3cb03b6cee217aa02562939603)] -> id: input-confirm]
2023-05-16 12:05:203 INFO  AccountRegisterPage :131 - Click on Privacy Policy Checkbox [[ChromeDriver: chrome on WINDOWS (b0f1da3cb03b6cee217aa02562939603)] -> xpath: //div[@class = 'buttons']//input[@name='agree']]
2023-05-16 12:05:477 INFO  AccountRegisterPage :137 - Click on Continue Button [[ChromeDriver: chrome on WINDOWS (b0f1da3cb03b6cee217aa02562939603)] -> xpath: //div[@class = 'buttons']//input[@value='Continue']]
2023-05-16 12:05:16 INFO  HomePage :94 - Click on My Account tab [[ChromeDriver: chrome on WINDOWS (b0f1da3cb03b6cee217aa02562939603)] -> xpath: //span[contains(text(),'My Account')]]
2023-05-16 12:05:631 INFO  HomePage :94 - Click on My Account tab [[ChromeDriver: chrome on WINDOWS (49a75cc3463ee198e105f185cfffca77)] -> xpath: //span[contains(text(),'My Account')]]
2023-05-16 12:05:180 INFO  AccountLoginPage :60 - Enter Email Address [[ChromeDriver: chrome on WINDOWS (49a75cc3463ee198e105f185cfffca77)] -> id: input-email]
2023-05-16 12:05:246 INFO  AccountLoginPage :66 - Enter Password [[ChromeDriver: chrome on WINDOWS (49a75cc3463ee198e105f185cfffca77)] -> id: input-password]
2023-05-16 12:05:160 INFO  AccountLoginPage :72 - Click On Login button [[ChromeDriver: chrome on WINDOWS (49a75cc3463ee198e105f185cfffca77)] -> xpath: //form[contains(@action,'login')]//input[@type='submit']]
2023-05-16 12:05:260 INFO  HomePage :94 - Click on My Account tab [[ChromeDriver: chrome on WINDOWS (49a75cc3463ee198e105f185cfffca77)] -> xpath: //span[contains(text(),'My Account')]]
2023-05-16 12:05:929 INFO  MyAccountPage :32 - Get Account Logout text [[ChromeDriver: chrome on WINDOWS (49a75cc3463ee198e105f185cfffca77)] -> xpath: //h1[normalize-space()='Account Logout']]
2023-05-16 12:05:877 INFO  HomePage :64 - Mouse Hover on Desktops link and click [[ChromeDriver: chrome on WINDOWS (72b47ab59de575dd55a6139f59092916)] -> link text: Desktops]
2023-05-16 12:05:927 INFO  DesktopPage :38 - Get Desktop Text [[ChromeDriver: chrome on WINDOWS (72b47ab59de575dd55a6139f59092916)] -> xpath: //h2[normalize-space()='Desktops']]
2023-05-16 12:05:940 INFO  DesktopPage :44 - Verify the text Desktops [[ChromeDriver: chrome on WINDOWS (72b47ab59de575dd55a6139f59092916)] -> xpath: //h2[normalize-space()='Desktops']]
2023-05-16 12:05:120 INFO  HomePage :70 - Mouse Hover on Laptops and Notebooks link and click [[ChromeDriver: chrome on WINDOWS (5569d02f2087cf494a2948df022f0a33)] -> xpath: //a[normalize-space()='Laptops & Notebooks']]
2023-05-16 12:05:915 INFO  LaptopsAndNotebooksPage :37 - Get Laptops and Notebooks text [[ChromeDriver: chrome on WINDOWS (5569d02f2087cf494a2948df022f0a33)] -> xpath: //h2[contains(text(),'Laptops & Notebooks')]]
2023-05-16 12:05:931 INFO  LaptopsAndNotebooksPage :43 - Verify the text Laptops and Notebooks [[ChromeDriver: chrome on WINDOWS (5569d02f2087cf494a2948df022f0a33)] -> xpath: //h2[contains(text(),'Laptops & Notebooks')]]
2023-05-16 12:05:340 INFO  HomePage :76 - Mouse Hover on Component link and click [[ChromeDriver: chrome on WINDOWS (022710c66d67e5c2be7e5caeeb1fac60)] -> link text: Components]
2023-05-16 12:05:20 INFO  ComponentPage :26 - Get Components Text [[ChromeDriver: chrome on WINDOWS (022710c66d67e5c2be7e5caeeb1fac60)] -> xpath: //h2[contains(text(),'Components')]]
2023-05-16 12:05:33 INFO  ComponentPage :33 - Verify the text Components [[ChromeDriver: chrome on WINDOWS (022710c66d67e5c2be7e5caeeb1fac60)] -> xpath: //h2[contains(text(),'Components')]]
2023-05-16 23:05:414 INFO  HomePage :64 - Mouse Hover on Desktops link and click [[ChromeDriver: chrome on WINDOWS (3099d235799c80c9ed8f35299c365fb9)] -> link text: Desktops]
2023-05-16 23:05:189 INFO  DesktopPage :96 - Select sort by option [[ChromeDriver: chrome on WINDOWS (3099d235799c80c9ed8f35299c365fb9)] -> id: input-sort]
2023-05-16 23:05:591 INFO  HomePage :64 - Mouse Hover on Desktops link and click [[ChromeDriver: chrome on WINDOWS (dfb7cadfaae83c281f0d53aa1fb7f6aa)] -> link text: Desktops]
2023-05-16 23:05:235 INFO  DesktopPage :96 - Select sort by option [[ChromeDriver: chrome on WINDOWS (dfb7cadfaae83c281f0d53aa1fb7f6aa)] -> id: input-sort]
2023-05-16 23:05:321 INFO  ProductPage :57 - Get Product text [[ChromeDriver: chrome on WINDOWS (dfb7cadfaae83c281f0d53aa1fb7f6aa)] -> xpath: //h1[normalize-space()='HP LP3065']]
2023-05-16 23:05:475 INFO  ProductPage :114 -  Enter Quantity [[ChromeDriver: chrome on WINDOWS (dfb7cadfaae83c281f0d53aa1fb7f6aa)] -> xpath: //input[@id='input-quantity']]
2023-05-16 23:05:540 INFO  ProductPage :91 - Click on Add to Cart button [[ChromeDriver: chrome on WINDOWS (dfb7cadfaae83c281f0d53aa1fb7f6aa)] -> xpath: //button[@id='button-cart']]
2023-05-16 23:05:991 INFO  ProductPage :107 - Click on Shopping cart link into message [[ChromeDriver: chrome on WINDOWS (dfb7cadfaae83c281f0d53aa1fb7f6aa)] -> xpath: //a[normalize-space()='shopping cart']]
2023-05-16 23:05:15 INFO  ShoppingPage :69 - Get Shopping cart text [[ChromeDriver: chrome on WINDOWS (dfb7cadfaae83c281f0d53aa1fb7f6aa)] -> xpath: //div[@id='content']//h1]
2023-05-16 23:05:54 INFO  ShoppingPage :79 - Get Product name [[ChromeDriver: chrome on WINDOWS (dfb7cadfaae83c281f0d53aa1fb7f6aa)] -> xpath: //div[@class = 'table-responsive']/table/tbody/tr/td[2]/a]
2023-05-16 23:05:82 INFO  ShoppingPage :89 - Get Delivery date [[ChromeDriver: chrome on WINDOWS (dfb7cadfaae83c281f0d53aa1fb7f6aa)] -> xpath: //div[@class = 'table-responsive']/table/tbody/tr/td[2]/small[1]]
2023-05-16 23:05:837 INFO  HomePage :70 - Mouse Hover on Laptops and Notebooks link and click [[ChromeDriver: chrome on WINDOWS (609bbea1c265b281bb2a4749f43627b9)] -> xpath: //a[normalize-space()='Laptops & Notebooks']]
2023-05-16 23:05:192 INFO  LaptopsAndNotebooksPage :73 - Select sort by option [[ChromeDriver: chrome on WINDOWS (609bbea1c265b281bb2a4749f43627b9)] -> id: input-sort]
2023-05-16 23:05:655 INFO  HomePage :70 - Mouse Hover on Laptops and Notebooks link and click [[ChromeDriver: chrome on WINDOWS (b8d225f798c1d78a64baa2d89fe28bd7)] -> xpath: //a[normalize-space()='Laptops & Notebooks']]
2023-05-16 23:05:77 INFO  LaptopsAndNotebooksPage :73 - Select sort by option [[ChromeDriver: chrome on WINDOWS (b8d225f798c1d78a64baa2d89fe28bd7)] -> id: input-sort]
2023-05-16 23:05:168 INFO  MacBookPage :45 - Click on Add to cart button [[ChromeDriver: chrome on WINDOWS (b8d225f798c1d78a64baa2d89fe28bd7)] -> xpath: //button[@id='button-cart']]
2023-05-16 23:05:291 INFO  MacBookPage :56 - Click on link shopping cart display into success message [[ChromeDriver: chrome on WINDOWS (b8d225f798c1d78a64baa2d89fe28bd7)] -> xpath: //a[contains(text(),'shopping cart')]]
2023-05-16 23:05:314 INFO  ShoppingPage :69 - Get Shopping cart text [[ChromeDriver: chrome on WINDOWS (b8d225f798c1d78a64baa2d89fe28bd7)] -> xpath: //div[@id='content']//h1]
2023-05-16 23:05:474 INFO  ShoppingPage :144 - Change quantity to 2 [[ChromeDriver: chrome on WINDOWS (b8d225f798c1d78a64baa2d89fe28bd7)] -> css selector: input[value='1']]
2023-05-16 23:05:569 INFO  ShoppingPage :150 - Click on Update tab [[ChromeDriver: chrome on WINDOWS (b8d225f798c1d78a64baa2d89fe28bd7)] -> xpath: //i[@class='fa fa-refresh']]
2023-05-16 23:05:204 INFO  ShoppingPage :166 - Click on checkout button [[ChromeDriver: chrome on WINDOWS (b8d225f798c1d78a64baa2d89fe28bd7)] -> xpath: //a[@class='btn btn-primary']]
2023-05-16 23:05:722 INFO  CheckoutPage :89 - Click on guest checkout radio button [[ChromeDriver: chrome on WINDOWS (b8d225f798c1d78a64baa2d89fe28bd7)] -> xpath: //input[@value='guest']]
2023-05-16 23:05:808 INFO  CheckoutPage :95 - Click on continue tab [[ChromeDriver: chrome on WINDOWS (b8d225f798c1d78a64baa2d89fe28bd7)] -> xpath: //input[@value='Continue']]
2023-05-16 23:05:389 INFO  CheckoutPage :123 - Click on continue [[ChromeDriver: chrome on WINDOWS (b8d225f798c1d78a64baa2d89fe28bd7)] -> xpath: //div[@class='pull-right']//input[@value='Continue']]
2023-05-16 23:05:789 INFO  CheckoutPage :129 - Add comments about your order into text area  [[ChromeDriver: chrome on WINDOWS (b8d225f798c1d78a64baa2d89fe28bd7)] -> xpath: //textarea[@name='comment']]
2023-05-16 23:05:859 INFO  CheckoutPage :135 - Check the terms and conditions check box [[ChromeDriver: chrome on WINDOWS (b8d225f798c1d78a64baa2d89fe28bd7)] -> xpath: //input[@name='agree']]
2023-05-16 23:05:87 INFO  CheckoutPage :141 - Click on continue button [[ChromeDriver: chrome on WINDOWS (b8d225f798c1d78a64baa2d89fe28bd7)] -> xpath: //div[@class='panel-collapse collapse in']//input[@value='Continue']]
2023-05-16 23:05:294 INFO  HomePage :94 - Click on My Account tab [[ChromeDriver: chrome on WINDOWS (eb921ba7986c8fd70a1ddd797596d0d0)] -> xpath: //span[contains(text(),'My Account')]]
2023-05-16 23:05:388 INFO  AccountRegisterPage :72 - Get Register Account Text [[ChromeDriver: chrome on WINDOWS (eb921ba7986c8fd70a1ddd797596d0d0)] -> xpath: //h1[contains(text(),'Register Account')]]
2023-05-16 23:05:554 INFO  HomePage :94 - Click on My Account tab [[ChromeDriver: chrome on WINDOWS (8f0c3a194f976a5c76ea3e2f29430b46)] -> xpath: //span[contains(text(),'My Account')]]
2023-05-16 23:05:147 INFO  AccountLoginPage :42 - Get Returning Customer Text [[ChromeDriver: chrome on WINDOWS (8f0c3a194f976a5c76ea3e2f29430b46)] -> xpath: //h2[normalize-space()='Returning Customer']]
2023-05-16 23:05:413 INFO  HomePage :94 - Click on My Account tab [[ChromeDriver: chrome on WINDOWS (710d885ff5ddfd481621c9104dd9cb68)] -> xpath: //span[contains(text(),'My Account')]]
2023-05-16 23:05:573 INFO  AccountRegisterPage :84 - Enter First Name [[ChromeDriver: chrome on WINDOWS (710d885ff5ddfd481621c9104dd9cb68)] -> id: input-firstname]
2023-05-16 23:05:707 INFO  AccountRegisterPage :90 - Enter Last name [[ChromeDriver: chrome on WINDOWS (710d885ff5ddfd481621c9104dd9cb68)] -> id: input-lastname]
2023-05-16 23:05:868 INFO  AccountRegisterPage :96 - Enter Email [[ChromeDriver: chrome on WINDOWS (710d885ff5ddfd481621c9104dd9cb68)] -> id: input-email]
2023-05-16 23:05:16 INFO  AccountRegisterPage :102 - Enter Telephone Number [[ChromeDriver: chrome on WINDOWS (710d885ff5ddfd481621c9104dd9cb68)] -> id: input-telephone]
2023-05-16 23:05:150 INFO  AccountRegisterPage :108 - Enter Password [[ChromeDriver: chrome on WINDOWS (710d885ff5ddfd481621c9104dd9cb68)] -> id: input-password]
2023-05-16 23:05:274 INFO  AccountRegisterPage :114 - Enter confirm Password [[ChromeDriver: chrome on WINDOWS (710d885ff5ddfd481621c9104dd9cb68)] -> id: input-confirm]
2023-05-16 23:05:443 INFO  AccountRegisterPage :131 - Click on Privacy Policy Checkbox [[ChromeDriver: chrome on WINDOWS (710d885ff5ddfd481621c9104dd9cb68)] -> xpath: //div[@class = 'buttons']//input[@name='agree']]
2023-05-16 23:05:541 INFO  AccountRegisterPage :137 - Click on Continue Button [[ChromeDriver: chrome on WINDOWS (710d885ff5ddfd481621c9104dd9cb68)] -> xpath: //div[@class = 'buttons']//input[@value='Continue']]
2023-05-16 23:05:285 INFO  HomePage :94 - Click on My Account tab [[ChromeDriver: chrome on WINDOWS (7b8ebdb7f6f777babf92e2835374ccf0)] -> xpath: //span[contains(text(),'My Account')]]
2023-05-16 23:05:180 INFO  AccountLoginPage :60 - Enter Email Address [[ChromeDriver: chrome on WINDOWS (7b8ebdb7f6f777babf92e2835374ccf0)] -> id: input-email]
2023-05-16 23:05:278 INFO  AccountLoginPage :66 - Enter Password [[ChromeDriver: chrome on WINDOWS (7b8ebdb7f6f777babf92e2835374ccf0)] -> id: input-password]
2023-05-16 23:05:400 INFO  AccountLoginPage :72 - Click On Login button [[ChromeDriver: chrome on WINDOWS (7b8ebdb7f6f777babf92e2835374ccf0)] -> xpath: //form[contains(@action,'login')]//input[@type='submit']]
2023-05-16 23:05:496 INFO  HomePage :94 - Click on My Account tab [[ChromeDriver: chrome on WINDOWS (7b8ebdb7f6f777babf92e2835374ccf0)] -> xpath: //span[contains(text(),'My Account')]]
2023-05-16 23:05:524 INFO  MyAccountPage :32 - Get Account Logout text [[ChromeDriver: chrome on WINDOWS (7b8ebdb7f6f777babf92e2835374ccf0)] -> xpath: //h1[normalize-space()='Account Logout']]
2023-05-16 23:05:137 INFO  AccountRegisterPage :155 - Click on continue [[ChromeDriver: chrome on WINDOWS (7b8ebdb7f6f777babf92e2835374ccf0)] -> xpath: //a[normalize-space()='Continue']]
2023-05-16 23:05:954 INFO  HomePage :64 - Mouse Hover on Desktops link and click [[ChromeDriver: chrome on WINDOWS (8fbeb90c728f1222796ec19135c7a447)] -> link text: Desktops]
2023-05-16 23:05:994 INFO  DesktopPage :38 - Get Desktop Text [[ChromeDriver: chrome on WINDOWS (8fbeb90c728f1222796ec19135c7a447)] -> xpath: //h2[normalize-space()='Desktops']]
2023-05-16 23:05:04 INFO  DesktopPage :44 - Verify the text Desktops [[ChromeDriver: chrome on WINDOWS (8fbeb90c728f1222796ec19135c7a447)] -> xpath: //h2[normalize-space()='Desktops']]
2023-05-16 23:05:736 INFO  HomePage :70 - Mouse Hover on Laptops and Notebooks link and click [[ChromeDriver: chrome on WINDOWS (bafac60062f5030142558c87ce7a38c8)] -> xpath: //a[normalize-space()='Laptops & Notebooks']]
2023-05-16 23:05:472 INFO  LaptopsAndNotebooksPage :37 - Get Laptops and Notebooks text [[ChromeDriver: chrome on WINDOWS (bafac60062f5030142558c87ce7a38c8)] -> xpath: //h2[contains(text(),'Laptops & Notebooks')]]
2023-05-16 23:05:482 INFO  LaptopsAndNotebooksPage :43 - Verify the text Laptops and Notebooks [[ChromeDriver: chrome on WINDOWS (bafac60062f5030142558c87ce7a38c8)] -> xpath: //h2[contains(text(),'Laptops & Notebooks')]]
2023-05-16 23:05:276 INFO  HomePage :76 - Mouse Hover on Component link and click [[ChromeDriver: chrome on WINDOWS (4748a3c5323307a6c21b9b7c15da10c2)] -> link text: Components]
2023-05-16 23:05:158 INFO  ComponentPage :26 - Get Components Text [[ChromeDriver: chrome on WINDOWS (4748a3c5323307a6c21b9b7c15da10c2)] -> xpath: //h2[contains(text(),'Components')]]
2023-05-16 23:05:168 INFO  ComponentPage :33 - Verify the text Components [[ChromeDriver: chrome on WINDOWS (4748a3c5323307a6c21b9b7c15da10c2)] -> xpath: //h2[contains(text(),'Components')]]
